<?xml version="1.0" encoding="UTF-8"?>
<!-- Generated by org.testng.reporters.JUnitReportReporter -->
<testsuite hostname="LAPTOP-VTMNI8FB" failures="0" tests="2" name="com.vtiger.practice.TestNgPracticeTest" time="0.028" errors="0" timestamp="2022-05-17T10:35:45 IST" skipped="0">
  <testcase classname="com.vtiger.practice.TestNgPracticeTest" name="prctice1Test" time="0.004"/>
  <system-out/>
  <testcase classname="com.vtiger.practice.TestNgPracticeTest" name="practiceTest" time="0.024"/>
  <system-out>
    <![CDATA[bht jyada maza aaya
bht jyada maza aaya in console also
bht jyada maza aaya in console also]]>
  </system-out>
</testsuite> <!-- com.vtiger.practice.TestNgPracticeTest -->
