<?xml version="1.0" encoding="UTF-8"?>
<!-- Generated by org.testng.reporters.JUnitReportReporter -->
<testsuite hostname="LAPTOP-VTMNI8FB" failures="0" tests="1" name="com.vtiger.documentTest.CreateDocumentTest" time="38.069" errors="0" timestamp="2022-05-24T11:56:57 IST" skipped="0">
  <testcase classname="com.vtiger.documentTest.CreateDocumentTest" name="createDocumentTest" time="38.069"/>
  <system-out/>
</testsuite> <!-- com.vtiger.documentTest.CreateDocumentTest -->
