<?xml version="1.0" encoding="UTF-8"?>
<!-- Generated by org.testng.reporters.JUnitReportReporter -->
<testsuite hostname="LAPTOP-VTMNI8FB" failures="0" tests="2" name="com.vtiger.practice.TestNgDemo1Test" time="0.015" errors="0" timestamp="2022-05-20T11:00:40 IST" skipped="0">
  <testcase classname="com.vtiger.practice.TestNgDemo1Test" name="practice2Test" time="0.007"/>
  <system-out>
    <![CDATA[TestNgPractice2Test --> Test2]]>
  </system-out>
  <testcase classname="com.vtiger.practice.TestNgDemo1Test" name="practice3Test" time="0.008"/>
  <system-out>
    <![CDATA[TestNgPractice3Test --> Test3]]>
  </system-out>
</testsuite> <!-- com.vtiger.practice.TestNgDemo1Test -->
