<?xml version="1.0" encoding="UTF-8"?>
<!-- Generated by org.testng.reporters.JUnitReportReporter -->
<testsuite hostname="LAPTOP-VTMNI8FB" failures="0" tests="10" name="com.vtiger.practice.FetchMultipleDataTestNGTest" time="0.043" errors="0" timestamp="2022-05-18T21:19:20 IST" skipped="0">
  <testcase classname="com.vtiger.practice.FetchMultipleDataTestNGTest" name="getMultipleDataExcelTestNgTest" time="0.001"/>
  <system-out>
    <![CDATA[admin3--------->adminPwd3]]>
  </system-out>
  <testcase classname="com.vtiger.practice.FetchMultipleDataTestNGTest" name="getMultipleDataExcelTestNgTest" time="0.004"/>
  <system-out>
    <![CDATA[admin5--------->adminPwd5]]>
  </system-out>
  <testcase classname="com.vtiger.practice.FetchMultipleDataTestNGTest" name="getMultipleDataExcelTestNgTest" time="0.003"/>
  <system-out>
    <![CDATA[admin2--------->adminPwd2]]>
  </system-out>
  <testcase classname="com.vtiger.practice.FetchMultipleDataTestNGTest" name="getMultipleDataExcelTestNgTest" time="0.003"/>
  <system-out>
    <![CDATA[admin1--------->adminPwd1]]>
  </system-out>
  <testcase classname="com.vtiger.practice.FetchMultipleDataTestNGTest" name="getMultipleDataExcelTestNgTest" time="0.016"/>
  <system-out>
    <![CDATA[admin1--------->adminPwd1]]>
  </system-out>
  <testcase classname="com.vtiger.practice.FetchMultipleDataTestNGTest" name="getMultipleDataExcelTestNgTest" time="0.003"/>
  <system-out>
    <![CDATA[admin4--------->adminPwd4]]>
  </system-out>
  <testcase classname="com.vtiger.practice.FetchMultipleDataTestNGTest" name="getMultipleDataExcelTestNgTest" time="0.003"/>
  <system-out>
    <![CDATA[admin2--------->adminPwd2]]>
  </system-out>
  <testcase classname="com.vtiger.practice.FetchMultipleDataTestNGTest" name="getMultipleDataExcelTestNgTest" time="0.003"/>
  <system-out>
    <![CDATA[admin5--------->adminPwd5]]>
  </system-out>
  <testcase classname="com.vtiger.practice.FetchMultipleDataTestNGTest" name="getMultipleDataExcelTestNgTest" time="0.003"/>
  <system-out>
    <![CDATA[admin3--------->adminPwd3]]>
  </system-out>
  <testcase classname="com.vtiger.practice.FetchMultipleDataTestNGTest" name="getMultipleDataExcelTestNgTest" time="0.004"/>
  <system-out>
    <![CDATA[admin4--------->adminPwd4]]>
  </system-out>
</testsuite> <!-- com.vtiger.practice.FetchMultipleDataTestNGTest -->
