<?xml version="1.0" encoding="UTF-8"?>
<!-- Generated by org.testng.reporters.JUnitReportReporter -->
<testsuite hostname="LAPTOP-VTMNI8FB" failures="0" tests="1" name="com.vtiger.compaignTest.CreateCampaignTestNgTest" time="8.332" errors="0" timestamp="2022-05-17T16:46:42 IST" skipped="0">
  <testcase classname="com.vtiger.compaignTest.CreateCampaignTestNgTest" name="createCampaignTest" time="8.332"/>
  <system-out/>
</testsuite> <!-- com.vtiger.compaignTest.CreateCampaignTestNgTest -->
