<?xml version="1.0" encoding="UTF-8"?>
<!-- Generated by org.testng.reporters.JUnitReportReporter -->
<testsuite hostname="LAPTOP-VTMNI8FB" failures="0" tests="1" name="com.vtiger.contactsTest.CreateContactsTest" time="8.392" errors="0" timestamp="2022-05-24T16:00:47 IST" skipped="0">
  <testcase classname="com.vtiger.contactsTest.CreateContactsTest" name="createContactsTest" time="8.392"/>
  <system-out/>
</testsuite> <!-- com.vtiger.contactsTest.CreateContactsTest -->
