<?xml version="1.0" encoding="UTF-8"?>
<!-- Generated by org.testng.reporters.JUnitReportReporter -->
<testsuite hostname="LAPTOP-VTMNI8FB" failures="0" tests="1" name="com.vtiger.compaignTest.CreateCampaignTest" time="36.534" errors="0" timestamp="2022-05-24T11:56:57 IST" skipped="0">
  <testcase classname="com.vtiger.compaignTest.CreateCampaignTest" name="createCampaignTest" time="36.534"/>
  <system-out/>
</testsuite> <!-- com.vtiger.compaignTest.CreateCampaignTest -->
