<?xml version="1.0" encoding="UTF-8"?>
<!-- Generated by org.testng.reporters.JUnitReportReporter -->
<testsuite hostname="LAPTOP-VTMNI8FB" failures="0" tests="1" name="com.vtiger.documentTest.CreateDocumentTestNGTest" time="8.526" errors="0" timestamp="2022-05-18T15:30:03 IST" skipped="0">
  <testcase classname="com.vtiger.documentTest.CreateDocumentTestNGTest" name="createDocumentTest" time="8.526"/>
  <system-out/>
</testsuite> <!-- com.vtiger.documentTest.CreateDocumentTestNGTest -->
