<?xml version="1.0" encoding="UTF-8"?>
<!-- Generated by org.testng.reporters.JUnitReportReporter -->
<testsuite hostname="LAPTOP-VTMNI8FB" failures="0" tests="1" name="com.vtiger.organizationTest.CreateOrganizationDropdownTest" time="15.404" errors="0" timestamp="2022-05-22T22:42:14 IST" skipped="0">
  <testcase classname="com.vtiger.organizationTest.CreateOrganizationDropdownTest" name="createOrganizationDropdownTest" time="15.404"/>
  <system-out/>
</testsuite> <!-- com.vtiger.organizationTest.CreateOrganizationDropdownTest -->
