<?xml version="1.0" encoding="UTF-8"?>
<!-- Generated by org.testng.reporters.JUnitReportReporter -->
<testsuite hostname="LAPTOP-VTMNI8FB" failures="0" tests="1" name="com.vtiger.practiceTestNgTest.TestNgPracticeTest" time="0.007" errors="0" timestamp="2022-05-16T14:48:06 IST" skipped="0">
  <testcase classname="com.vtiger.practiceTestNgTest.TestNgPracticeTest" name="praticeTest" time="0.007"/>
  <system-out>
    <![CDATA[bht jyada maza aaya
bht jyada maza aaya in console also]]>
  </system-out>
</testsuite> <!-- com.vtiger.practiceTestNgTest.TestNgPracticeTest -->
