<?xml version="1.0" encoding="UTF-8"?>
<!-- Generated by org.testng.reporters.JUnitReportReporter -->
<testsuite hostname="LAPTOP-VTMNI8FB" failures="0" tests="1" name="com.vtiger.compaignTest.CreateCompaignsWithProductTest" time="23.306" errors="0" timestamp="2022-05-22T22:42:14 IST" skipped="0">
  <testcase classname="com.vtiger.compaignTest.CreateCompaignsWithProductTest" name="createCompaignsWithProductsTest" time="23.306"/>
  <system-out/>
</testsuite> <!-- com.vtiger.compaignTest.CreateCompaignsWithProductTest -->
