<?xml version="1.0" encoding="UTF-8"?>
<!-- Generated by org.testng.reporters.JUnitReportReporter -->
<testsuite hostname="LAPTOP-VTMNI8FB" failures="0" tests="1" name="com.vtiger.organizationTest.CreateOrganizationTestNGTest" time="8.533" errors="0" timestamp="2022-05-18T15:34:54 IST" skipped="0">
  <testcase classname="com.vtiger.organizationTest.CreateOrganizationTestNGTest" name="createOrganizationTest" time="8.533"/>
  <system-out/>
</testsuite> <!-- com.vtiger.organizationTest.CreateOrganizationTestNGTest -->
