<?xml version="1.0" encoding="UTF-8"?>
<!-- Generated by org.testng.reporters.JUnitReportReporter -->
<testsuite hostname="LAPTOP-VTMNI8FB" failures="0" tests="1" name="com.vtiger.contactsTest.CreateContactsTestNGTest" time="37.082" errors="0" timestamp="2022-05-18T12:04:33 IST" skipped="0">
  <testcase classname="com.vtiger.contactsTest.CreateContactsTestNGTest" name="createContactsTest" time="37.082"/>
  <system-out/>
</testsuite> <!-- com.vtiger.contactsTest.CreateContactsTestNGTest -->
