<?xml version="1.0" encoding="UTF-8"?>
<!-- Generated by org.testng.reporters.JUnitReportReporter -->
<testsuite hostname="LAPTOP-VTMNI8FB" failures="0" tests="1" name="com.vtiger.organizationTest.CreateOrganizationDropdownTestNGTest" time="8.945" errors="0" timestamp="2022-05-18T15:39:36 IST" skipped="0">
  <testcase classname="com.vtiger.organizationTest.CreateOrganizationDropdownTestNGTest" name="createOrganizationDropdownTest" time="8.945"/>
  <system-out/>
</testsuite> <!-- com.vtiger.organizationTest.CreateOrganizationDropdownTestNGTest -->
