<?xml version="1.0" encoding="UTF-8"?>
<!-- Generated by org.testng.reporters.JUnitReportReporter -->
<testsuite hostname="LAPTOP-VTMNI8FB" failures="0" tests="1" name="com.vtiger.contactsTest.CreateContactsWithOrganizationsTestNGTest" time="14.206" errors="0" timestamp="2022-05-18T15:19:36 IST" skipped="0">
  <testcase classname="com.vtiger.contactsTest.CreateContactsWithOrganizationsTestNGTest" name="createContactsWithOrganizationsTest" time="14.206"/>
  <system-out/>
</testsuite> <!-- com.vtiger.contactsTest.CreateContactsWithOrganizationsTestNGTest -->
