<?xml version="1.0" encoding="UTF-8"?>
<!-- Generated by org.testng.reporters.JUnitReportReporter -->
<testsuite hostname="LAPTOP-VTMNI8FB" failures="0" tests="1" name="com.vtiger.practice.TestNgDemo2Test" time="0.006" errors="0" timestamp="2022-05-20T11:00:40 IST" skipped="0">
  <testcase classname="com.vtiger.practice.TestNgDemo2Test" name="practice4Test" time="0.006"/>
  <system-out>
    <![CDATA[TestNgPractice4Test --> Test4]]>
  </system-out>
</testsuite> <!-- com.vtiger.practice.TestNgDemo2Test -->
