<?xml version="1.0" encoding="UTF-8"?>
<!-- Generated by org.testng.reporters.JUnitReportReporter -->
<testsuite hostname="LAPTOP-VTMNI8FB" failures="0" tests="1" name="com.vtiger.productsTest.CreateProductsTest" time="12.926" errors="0" timestamp="2022-05-22T22:42:14 IST" skipped="0">
  <testcase classname="com.vtiger.productsTest.CreateProductsTest" name="createProductsTest" time="12.926"/>
  <system-out/>
</testsuite> <!-- com.vtiger.productsTest.CreateProductsTest -->
